<?xml version="1.0" encoding="UTF-8"?>
<testsuite xmlns:xsi="http://www.w3.org/2001/XMLSchema-instance" xsi:noNamespaceSchemaLocation="https://maven.apache.org/surefire/maven-surefire-plugin/xsd/surefire-test-report-3.0.xsd" version="3.0" name="com.example.tictactoe.service.GameServiceTest" time="0.084" tests="7" errors="0" skipped="0" failures="0">
  <properties>
[...]
</properties>
  <testcase name="makeMove_switchesPlayer" classname="com.example.tictactoe.service.GameServiceTest" time="0.041"/>
  <testcase name="detectsRowWin" classname="com.example.tictactoe.service.GameServiceTest" time="0.002"/>
  <testcase name="makeMove_placesMark" classname="com.example.tictactoe.service.GameServiceTest" time="0.002"/>
  <testcase name="detectsDraw" classname="com.example.tictactoe.service.GameServiceTest" time="0.002"/>
  <testcase name="playerXGoesFirst" classname="com.example.tictactoe.service.GameServiceTest" time="0.001"/>
  <testcase name="resetClearsBoard" classname="com.example.tictactoe.service.GameServiceTest" time="0.003"/>
  <testcase name="makeMove_cannotOverwriteCell" classname="com.example.tictactoe.service.GameServiceTest" time="0.001"/>
</testsuite>